This is pdfTeX, Version 3.14159265-2.6-1.40.16 (MiKTeX 2.9) (preloaded format=pdflatex 2015.10.6)  20 MAR 2016 16:55
entering extended mode
**C:/Users/James/Desktop/Diss/DissertationDefs.tex
(C:/Users/James/Desktop/Diss/DissertationDefs.tex
LaTeX2e <2015/01/01> patch level 2
Babel <3.9m> and hyphenation patterns for 69 languages loaded.

! LaTeX Error: \usepackage before \documentclass.

See the LaTeX manual or LaTeX Companion for explanation.
Type  H <return>  for immediate help.
 ...                                              
                                                  
l.4 \usepackage{
                harvard}    % Uses harvard style referencing
? 
! Emergency stop.
 ...                                              
                                                  
l.4 \usepackage{
                harvard}    % Uses harvard style referencing
\usepackage may only appear in the document preamble, i.e.,
between \documentclass and \begin{document}.

 
Here is how much of TeX's memory you used:
 8 strings out of 493673
 358 string characters out of 3143150
 52455 words of memory out of 3000000
 3454 multiletter control sequences out of 15000+200000
 3640 words of font info for 14 fonts, out of 3000000 for 9000
 1025 hyphenation exceptions out of 8191
 5i,0n,5p,108b,14s stack positions out of 5000i,500n,10000p,200000b,50000s
!  ==> Fatal error occurred, no output PDF file produced!
