\BOOKMARK [0][-]{chapter.1}{Introduction}{}% 1
\BOOKMARK [0][-]{chapter.2}{Literature Review}{}% 2
\BOOKMARK [1][-]{section.2.1}{Gamification}{chapter.2}% 3
\BOOKMARK [2][-]{subsection.2.1.1}{Uses of Gamification}{section.2.1}% 4
\BOOKMARK [2][-]{subsection.2.1.2}{Advantages}{section.2.1}% 5
\BOOKMARK [2][-]{subsection.2.1.3}{Current Educational Games}{section.2.1}% 6
\BOOKMARK [1][-]{section.2.2}{Education}{chapter.2}% 7
\BOOKMARK [2][-]{subsection.2.2.1}{Different learning styles}{section.2.2}% 8
\BOOKMARK [2][-]{subsection.2.2.2}{Current Natural Deduction Educational Resources}{section.2.2}% 9
\BOOKMARK [2][-]{subsection.2.2.3}{Online Natural Deduction Resources}{section.2.2}% 10
\BOOKMARK [1][-]{section.2.3}{Natural Deduction}{chapter.2}% 11
\BOOKMARK [2][-]{subsection.2.3.1}{History}{section.2.3}% 12
\BOOKMARK [2][-]{subsection.2.3.2}{Why using Natural Deduction is Suitable to Make a Game for}{section.2.3}% 13
\BOOKMARK [2][-]{subsection.2.3.3}{Mathematics of Intuitionistic Logic}{section.2.3}% 14
\BOOKMARK [1][-]{section.2.4}{Notes on the Literature}{chapter.2}% 15
\BOOKMARK [0][-]{chapter.3}{Requirements Analysis and Specification}{}% 16
\BOOKMARK [1][-]{section.3.1}{Target Audience}{chapter.3}% 17
\BOOKMARK [1][-]{section.3.2}{Project Goals and Targets}{chapter.3}% 18
\BOOKMARK [1][-]{section.3.3}{Software Requirements}{chapter.3}% 19
\BOOKMARK [2][-]{subsection.3.3.1}{Functional Requirements}{section.3.3}% 20
\BOOKMARK [2][-]{subsection.3.3.2}{Non Functional Requirements}{section.3.3}% 21
\BOOKMARK [1][-]{section.3.4}{Hardware Requirements}{chapter.3}% 22
\BOOKMARK [1][-]{section.3.5}{Programming Language}{chapter.3}% 23
\BOOKMARK [1][-]{section.3.6}{Project Limitations}{chapter.3}% 24
\BOOKMARK [1][-]{section.3.7}{Changes to Existing Systems}{chapter.3}% 25
\BOOKMARK [0][-]{chapter.4}{Design}{}% 26
\BOOKMARK [1][-]{section.4.1}{Data Design}{chapter.4}% 27
\BOOKMARK [1][-]{section.4.2}{Data Flow Diagram}{chapter.4}% 28
\BOOKMARK [1][-]{section.4.3}{Architecture Design}{chapter.4}% 29
\BOOKMARK [2][-]{subsection.4.3.1}{File Structure}{section.4.3}% 30
\BOOKMARK [2][-]{subsection.4.3.2}{Key Functions}{section.4.3}% 31
\BOOKMARK [1][-]{section.4.4}{Interface Design}{chapter.4}% 32
\BOOKMARK [2][-]{subsection.4.4.1}{Design Principles}{section.4.4}% 33
\BOOKMARK [2][-]{subsection.4.4.2}{User Interface Designs}{section.4.4}% 34
\BOOKMARK [0][-]{chapter.5}{Implementation}{}% 35
\BOOKMARK [1][-]{section.5.1}{Beginning the project}{chapter.5}% 36
\BOOKMARK [1][-]{section.5.2}{Drag and Drop}{chapter.5}% 37
\BOOKMARK [2][-]{subsection.5.2.1}{Original Colour System}{section.5.2}% 38
\BOOKMARK [2][-]{subsection.5.2.2}{The Dots System}{section.5.2}% 39
\BOOKMARK [1][-]{section.5.3}{Data Structures}{chapter.5}% 40
\BOOKMARK [1][-]{section.5.4}{Drawing and rendering algorithms}{chapter.5}% 41
\BOOKMARK [1][-]{section.5.5}{The Game Play}{chapter.5}% 42
\BOOKMARK [1][-]{section.5.6}{Design Implementation}{chapter.5}% 43
\BOOKMARK [0][-]{chapter.6}{System Testing}{}% 44
\BOOKMARK [1][-]{section.6.1}{Developer Testing}{chapter.6}% 45
\BOOKMARK [1][-]{section.6.2}{Functional Testing}{chapter.6}% 46
\BOOKMARK [2][-]{subsection.6.2.1}{Unit Testing}{section.6.2}% 47
\BOOKMARK [2][-]{subsection.6.2.2}{Acceptance Testing}{section.6.2}% 48
\BOOKMARK [1][-]{section.6.3}{Non Functional \046 Hardware Testing}{chapter.6}% 49
\BOOKMARK [2][-]{subsection.6.3.1}{Stress Testing}{section.6.3}% 50
\BOOKMARK [2][-]{subsection.6.3.2}{Security Testing}{section.6.3}% 51
\BOOKMARK [2][-]{subsection.6.3.3}{Compatibility Testing}{section.6.3}% 52
\BOOKMARK [2][-]{subsection.6.3.4}{Other Hardware Comments}{section.6.3}% 53
\BOOKMARK [0][-]{chapter.7}{Results}{}% 54
\BOOKMARK [1][-]{section.7.1}{User Questionnaire \046 Feedback}{chapter.7}% 55
\BOOKMARK [2][-]{subsection.7.1.1}{Age and Mathematical ability}{section.7.1}% 56
\BOOKMARK [2][-]{subsection.7.1.2}{Prior Natural Deduction Knowledge}{section.7.1}% 57
\BOOKMARK [2][-]{subsection.7.1.3}{Tutorial}{section.7.1}% 58
\BOOKMARK [2][-]{subsection.7.1.4}{Hints and Tips}{section.7.1}% 59
\BOOKMARK [2][-]{subsection.7.1.5}{Levels and Difficulty}{section.7.1}% 60
\BOOKMARK [2][-]{subsection.7.1.6}{Fun}{section.7.1}% 61
\BOOKMARK [2][-]{subsection.7.1.7}{Educational Value}{section.7.1}% 62
\BOOKMARK [2][-]{subsection.7.1.8}{Usability}{section.7.1}% 63
\BOOKMARK [1][-]{section.7.2}{Improvements to the game}{chapter.7}% 64
\BOOKMARK [1][-]{section.7.3}{Further Work}{chapter.7}% 65
\BOOKMARK [0][-]{chapter.8}{Conclusion}{}% 66
\BOOKMARK [0][-]{appendix.A}{User Testing Results}{}% 67
