\BOOKMARK [1][-]{section.1}{Project summary}{}% 1
\BOOKMARK [1][-]{section.2}{Gamification}{}% 2
\BOOKMARK [2][-]{subsection.2.1}{Uses}{section.2}% 3
\BOOKMARK [2][-]{subsection.2.2}{Advantages}{section.2}% 4
\BOOKMARK [3][-]{subsubsection.2.2.1}{Instant Feedback}{subsection.2.2}% 5
\BOOKMARK [3][-]{subsubsection.2.2.2}{Social and Competitive Aspects}{subsection.2.2}% 6
\BOOKMARK [3][-]{subsubsection.2.2.3}{Fun}{subsection.2.2}% 7
\BOOKMARK [3][-]{subsubsection.2.2.4}{Hints and Tips}{subsection.2.2}% 8
\BOOKMARK [2][-]{subsection.2.3}{Current Educational Games}{section.2}% 9
\BOOKMARK [1][-]{section.3}{Education}{}% 10
\BOOKMARK [2][-]{subsection.3.1}{Different learning styles}{section.3}% 11
\BOOKMARK [2][-]{subsection.3.2}{Current Natural Deduction educational resources}{section.3}% 12
\BOOKMARK [2][-]{subsection.3.3}{Online Natural Deduction resources}{section.3}% 13
\BOOKMARK [1][-]{section.4}{Natural Deduction}{}% 14
\BOOKMARK [2][-]{subsection.4.1}{History}{section.4}% 15
\BOOKMARK [2][-]{subsection.4.2}{Why Natural Deduction is suitable to make a game for}{section.4}% 16
\BOOKMARK [2][-]{subsection.4.3}{Mathematics}{section.4}% 17
\BOOKMARK [3][-]{subsubsection.4.3.1}{Notation}{subsection.4.3}% 18
\BOOKMARK [3][-]{subsubsection.4.3.2}{Rules}{subsection.4.3}% 19
\BOOKMARK [1][-]{section.5}{Concluding remarks}{}% 20
